2018-08-03 14:23:05.275[main] INFO  com.gzf.sypt.aop.LogAspect-IP为null,id：null的用户于2018 08-03 14:23:05到2018 08-03 14:23:05,用时0毫秒,传入参数：null,响应参数：null
2018-08-03 15:43:37.561[main] INFO  com.gzf.sypt.aop.LogAspect-IP为null,id：null的用户于2018 08-03 15:43:37到2018 08-03 15:43:37,用时0毫秒,传入参数：null,响应参数：null
2018-08-03 15:44:50.415[main] INFO  com.gzf.sypt.aop.LogAspect-IP为null,id：null的用户于2018 08-03 15:44:50到2018 08-03 15:44:50,用时0毫秒,传入参数：null,响应参数：null
2018-08-03 15:44:50.659[main] INFO  com.gzf.sypt.util.SecurityCodeUtil-=======start=======
2018-08-03 15:44:50.679[main] INFO  com.gzf.sypt.util.SecurityCodeUtil-20
2018-08-03 15:44:50.680[main] INFO  com.gzf.sypt.util.SecurityCodeUtil-============end=============
2018-08-03 15:44:58.534[main] INFO  com.gzf.sypt.aop.LogAspect-IP为null,id：null的用户于2018 08-03 15:44:50到2018 08-03 15:44:58,用时7874毫秒,传入参数：null,响应参数：{}
2018-08-03 15:44:58.578[main] INFO  com.gzf.sypt.aop.LogAspect-IP为null,id：null的用户于2018 08-03 15:44:50到2018 08-03 15:44:58,用时7918毫秒,传入参数：null,响应参数：{"result":{"entity":{"verific":"255191"},"status":7,"statusInfo":"验证码已发送"}}
2018-08-03 15:44:58.578[main] INFO  com.gzf.sypt.aop.LogAspect-IP为null,id：null的用户于2018 08-03 15:44:50到2018 08-03 15:44:58,用时7919毫秒,传入参数：null,响应参数：{"result":{"entity":{"verific":"255191"},"status":7,"statusInfo":"验证码已发送"}}
2018-08-03 15:44:58.579[main] INFO  com.gzf.sypt.aop.LogAspect-IP为null,id：null的用户于2018 08-03 15:44:58到2018 08-03 15:44:58,用时0毫秒,传入参数：null,响应参数：{"result":{"entity":{"verific":"255191"},"status":7,"statusInfo":"验证码已发送"}}
2018-08-03 15:59:53.379[main] INFO  com.gzf.sypt.aop.LogAspect-IP为null,id：null的用户于2018 08-03 15:59:53到2018 08-03 15:59:53,用时0毫秒,传入参数：null,响应参数：null
2018-08-03 15:59:53.664[main] INFO  com.gzf.sypt.util.SecurityCodeUtil-=======start=======
2018-08-03 15:59:53.697[main] INFO  com.gzf.sypt.util.SecurityCodeUtil-33
2018-08-03 15:59:53.697[main] INFO  com.gzf.sypt.util.SecurityCodeUtil-============end=============
2018-08-03 15:59:56.798[main] INFO  com.gzf.sypt.aop.LogAspect-IP为null,id：null的用户于2018 08-03 15:59:53到2018 08-03 15:59:56,用时3135毫秒,传入参数：null,响应参数：{}
2018-08-03 15:59:56.822[main] INFO  com.gzf.sypt.aop.LogAspect-IP为null,id：null的用户于2018 08-03 15:59:53到2018 08-03 15:59:56,用时3158毫秒,传入参数：null,响应参数：{"result":{"entity":{"verific":"448732"},"status":7,"statusInfo":"验证码已发送"}}
2018-08-03 15:59:56.822[main] INFO  com.gzf.sypt.aop.LogAspect-IP为null,id：null的用户于2018 08-03 15:59:53到2018 08-03 15:59:56,用时3159毫秒,传入参数：null,响应参数：{"result":{"entity":{"verific":"448732"},"status":7,"statusInfo":"验证码已发送"}}
2018-08-03 15:59:56.823[main] INFO  com.gzf.sypt.aop.LogAspect-IP为null,id：null的用户于2018 08-03 15:59:56到2018 08-03 15:59:56,用时0毫秒,传入参数：null,响应参数：{"result":{"entity":{"verific":"448732"},"status":7,"statusInfo":"验证码已发送"}}
2018-08-03 16:13:21.567[main] INFO  com.gzf.sypt.aop.LogAspect-IP为null,id：null的用户于2018 08-03 16:13:21到2018 08-03 16:13:21,用时0毫秒,传入参数：null,响应参数：null
2018-08-03 16:13:21.827[main] INFO  com.gzf.sypt.util.SecurityCodeUtil-=======start=======
2018-08-03 16:13:21.928[main] INFO  com.gzf.sypt.util.SecurityCodeUtil-100
2018-08-03 16:13:21.928[main] INFO  com.gzf.sypt.util.SecurityCodeUtil-============end=============
2018-08-03 16:13:24.550[main] INFO  com.gzf.sypt.aop.LogAspect-IP为null,id：null的用户于2018 08-03 16:13:21到2018 08-03 16:13:24,用时2723毫秒,传入参数：null,响应参数：{}
2018-08-03 16:13:24.577[main] INFO  com.gzf.sypt.aop.LogAspect-IP为null,id：null的用户于2018 08-03 16:13:21到2018 08-03 16:13:24,用时2750毫秒,传入参数：null,响应参数：{"result":{"entity":{"verific":"315642"},"status":7,"statusInfo":"验证码已发送"}}
2018-08-03 16:13:24.577[main] INFO  com.gzf.sypt.aop.LogAspect-IP为null,id：null的用户于2018 08-03 16:13:21到2018 08-03 16:13:24,用时2750毫秒,传入参数：null,响应参数：{"result":{"entity":{"verific":"315642"},"status":7,"statusInfo":"验证码已发送"}}
2018-08-03 16:13:24.578[main] INFO  com.gzf.sypt.aop.LogAspect-IP为null,id：null的用户于2018 08-03 16:13:24到2018 08-03 16:13:24,用时0毫秒,传入参数：null,响应参数：{"result":{"entity":{"verific":"315642"},"status":7,"statusInfo":"验证码已发送"}}
2018-08-03 16:18:28.171[main] INFO  com.gzf.sypt.aop.LogAspect-IP为null,id：null的用户于2018 08-03 16:18:28到2018 08-03 16:18:28,用时0毫秒,传入参数：null,响应参数：null
2018-08-03 16:18:28.439[main] INFO  com.gzf.sypt.util.SecurityCodeUtil-=======start=======
2018-08-03 16:18:28.442[main] INFO  com.gzf.sypt.util.SecurityCodeUtil-2
2018-08-03 16:18:28.442[main] INFO  com.gzf.sypt.util.SecurityCodeUtil-============end=============
2018-08-03 16:18:29.337[main] INFO  com.gzf.sypt.aop.LogAspect-IP为null,id：null的用户于2018 08-03 16:18:28到2018 08-03 16:18:29,用时898毫秒,传入参数：null,响应参数：{}
2018-08-03 16:18:29.365[main] INFO  com.gzf.sypt.aop.LogAspect-IP为null,id：null的用户于2018 08-03 16:18:28到2018 08-03 16:18:29,用时926毫秒,传入参数：null,响应参数：{"result":{"entity":{"verific":"761082"},"status":7,"statusInfo":"验证码已发送"}}
2018-08-03 16:18:29.366[main] INFO  com.gzf.sypt.aop.LogAspect-IP为null,id：null的用户于2018 08-03 16:18:28到2018 08-03 16:18:29,用时927毫秒,传入参数：null,响应参数：{"result":{"entity":{"verific":"761082"},"status":7,"statusInfo":"验证码已发送"}}
2018-08-03 16:18:29.367[main] INFO  com.gzf.sypt.aop.LogAspect-IP为null,id：null的用户于2018 08-03 16:18:29到2018 08-03 16:18:29,用时0毫秒,传入参数：null,响应参数：{"result":{"entity":{"verific":"761082"},"status":7,"statusInfo":"验证码已发送"}}
2018-08-03 16:19:10.381[main] INFO  com.gzf.sypt.aop.LogAspect-IP为null,id：null的用户于2018 08-03 16:19:10到2018 08-03 16:19:10,用时0毫秒,传入参数：null,响应参数：null
2018-08-03 16:19:10.669[main] INFO  com.gzf.sypt.util.SecurityCodeUtil-=======start=======
2018-08-03 16:19:10.675[main] INFO  com.gzf.sypt.util.SecurityCodeUtil-4
2018-08-03 16:19:10.675[main] INFO  com.gzf.sypt.util.SecurityCodeUtil-============end=============
2018-08-03 16:19:11.778[main] INFO  com.gzf.sypt.aop.LogAspect-IP为null,id：null的用户于2018 08-03 16:19:10到2018 08-03 16:19:11,用时1108毫秒,传入参数：null,响应参数：{}
2018-08-03 16:19:11.801[main] INFO  com.gzf.sypt.aop.LogAspect-IP为null,id：null的用户于2018 08-03 16:19:10到2018 08-03 16:19:11,用时1132毫秒,传入参数：null,响应参数：{"result":{"status":8,"statusInfo":"验证码发送失败"}}
2018-08-03 16:19:11.801[main] INFO  com.gzf.sypt.aop.LogAspect-IP为null,id：null的用户于2018 08-03 16:19:10到2018 08-03 16:19:11,用时1132毫秒,传入参数：null,响应参数：{"result":{"status":8,"statusInfo":"验证码发送失败"}}
2018-08-03 16:21:01.618[main] INFO  com.gzf.sypt.aop.LogAspect-IP为null,id：null的用户于2018 08-03 16:21:01到2018 08-03 16:21:01,用时0毫秒,传入参数：null,响应参数：null
2018-08-03 16:21:01.939[main] INFO  com.gzf.sypt.util.SecurityCodeUtil-=======start=======
2018-08-03 16:21:01.945[main] INFO  com.gzf.sypt.util.SecurityCodeUtil-4
2018-08-03 16:21:01.945[main] INFO  com.gzf.sypt.util.SecurityCodeUtil-============end=============
2018-08-03 16:21:02.752[main] INFO  com.gzf.sypt.aop.LogAspect-IP为null,id：null的用户于2018 08-03 16:21:01到2018 08-03 16:21:02,用时813毫秒,传入参数：null,响应参数：{}
2018-08-03 16:21:02.779[main] INFO  com.gzf.sypt.aop.LogAspect-IP为null,id：null的用户于2018 08-03 16:21:01到2018 08-03 16:21:02,用时839毫秒,传入参数：null,响应参数：{"result":{"entity":{"verific":"850193"},"status":7,"statusInfo":"验证码已发送"}}
2018-08-03 16:21:02.779[main] INFO  com.gzf.sypt.aop.LogAspect-IP为null,id：null的用户于2018 08-03 16:21:01到2018 08-03 16:21:02,用时840毫秒,传入参数：null,响应参数：{"result":{"entity":{"verific":"850193"},"status":7,"statusInfo":"验证码已发送"}}
2018-08-03 16:21:02.780[main] INFO  com.gzf.sypt.aop.LogAspect-IP为null,id：null的用户于2018 08-03 16:21:02到2018 08-03 16:21:02,用时0毫秒,传入参数：null,响应参数：{"result":{"entity":{"verific":"850193"},"status":7,"statusInfo":"验证码已发送"}}
2018-08-03 16:21:03.009[main] INFO  com.gzf.sypt.aop.LogAspect-IP为null,id：null的用户于2018 08-03 16:21:02到2018 08-03 16:21:03,用时227毫秒,传入参数：null,响应参数：{}
2018-08-03 16:21:03.010[main] INFO  com.gzf.sypt.aop.LogAspect-IP为null,id：null的用户于2018 08-03 16:21:02到2018 08-03 16:21:03,用时227毫秒,传入参数：null,响应参数：{"result":{"status":3,"statusInfo":"验证码正确"}}
2018-08-03 16:21:03.010[main] INFO  com.gzf.sypt.aop.LogAspect-IP为null,id：null的用户于2018 08-03 16:21:02到2018 08-03 16:21:03,用时228毫秒,传入参数：null,响应参数：{"result":{"status":3,"statusInfo":"验证码正确"}}
2018-08-03 17:10:03.480[main] INFO  com.gzf.sypt.aop.LogAspect-IP为null,id：null的用户于2018 08-03 17:10:03到2018 08-03 17:10:03,用时0毫秒,传入参数：null,响应参数：null
2018-08-03 17:10:03.610[main] INFO  com.gzf.sypt.util.SecurityCodeUtil-=======start=======
2018-08-03 17:10:03.629[main] INFO  com.gzf.sypt.util.SecurityCodeUtil-19
2018-08-03 17:10:03.629[main] INFO  com.gzf.sypt.util.SecurityCodeUtil-============end=============
2018-08-03 17:10:10.065[main] INFO  com.gzf.sypt.aop.LogAspect-IP为null,id：null的用户于2018 08-03 17:10:03到2018 08-03 17:10:10,用时6458毫秒,传入参数：null,响应参数：{}
2018-08-03 17:10:10.090[main] INFO  com.gzf.sypt.aop.LogAspect-IP为null,id：null的用户于2018 08-03 17:10:03到2018 08-03 17:10:10,用时6483毫秒,传入参数：null,响应参数：{"result":{"entity":{"phoneNum":13612203454,"verific":"927814"},"status":7,"statusInfo":"验证码已发送"}}
2018-08-03 17:10:10.090[main] INFO  com.gzf.sypt.aop.LogAspect-IP为null,id：null的用户于2018 08-03 17:10:03到2018 08-03 17:10:10,用时6483毫秒,传入参数：null,响应参数：{"result":{"entity":{"phoneNum":13612203454,"verific":"927814"},"status":7,"statusInfo":"验证码已发送"}}
2018-08-03 17:10:10.091[main] INFO  com.gzf.sypt.aop.LogAspect-IP为null,id：null的用户于2018 08-03 17:10:10到2018 08-03 17:10:10,用时0毫秒,传入参数：null,响应参数：{"result":{"entity":{"phoneNum":13612203454,"verific":"927814"},"status":7,"statusInfo":"验证码已发送"}}
2018-08-03 17:10:10.149[main] INFO  com.gzf.sypt.aop.LogAspect-IP为null,id：null的用户于2018 08-03 17:10:10到2018 08-03 17:10:10,用时57毫秒,传入参数：null,响应参数：{}
2018-08-03 17:10:10.150[main] INFO  com.gzf.sypt.aop.LogAspect-IP为null,id：null的用户于2018 08-03 17:10:10到2018 08-03 17:10:10,用时57毫秒,传入参数：null,响应参数：{"result":{"status":3,"statusInfo":"验证码正确"}}
2018-08-03 17:10:10.150[main] INFO  com.gzf.sypt.aop.LogAspect-IP为null,id：null的用户于2018 08-03 17:10:10到2018 08-03 17:10:10,用时58毫秒,传入参数：null,响应参数：{"result":{"status":3,"statusInfo":"验证码正确"}}
2018-08-03 17:15:19.915[main] INFO  com.gzf.sypt.aop.LogAspect-IP为null,id：null的用户于2018 08-03 17:15:19到2018 08-03 17:15:19,用时0毫秒,传入参数：null,响应参数：null
2018-08-03 17:22:09.965[main] INFO  com.gzf.sypt.aop.LogAspect-IP为null,id：null的用户于2018 08-03 17:22:09到2018 08-03 17:22:09,用时0毫秒,传入参数：null,响应参数：null
2018-08-03 17:22:10.201[main] INFO  com.gzf.sypt.util.SecurityCodeUtil-=======start=======
2018-08-03 17:22:10.232[main] INFO  com.gzf.sypt.util.SecurityCodeUtil-31
2018-08-03 17:22:10.233[main] INFO  com.gzf.sypt.util.SecurityCodeUtil-============end=============
2018-08-03 17:23:31.593[main] INFO  com.gzf.sypt.aop.LogAspect-IP为null,id：null的用户于2018 08-03 17:23:31到2018 08-03 17:23:31,用时0毫秒,传入参数：null,响应参数：null
2018-08-03 17:23:31.853[main] INFO  com.gzf.sypt.util.SecurityCodeUtil-=======start=======
2018-08-03 17:23:31.856[main] INFO  com.gzf.sypt.util.SecurityCodeUtil-2
2018-08-03 17:23:31.857[main] INFO  com.gzf.sypt.util.SecurityCodeUtil-============end=============
2018-08-03 17:31:05.858[main] INFO  com.gzf.sypt.aop.LogAspect-IP为null,id：null的用户于2018 08-03 17:31:05到2018 08-03 17:31:05,用时0毫秒,传入参数：null,响应参数：null
2018-08-03 17:31:06.009[main] INFO  com.gzf.sypt.util.SecurityCodeUtil-=======start=======
2018-08-03 17:31:06.012[main] INFO  com.gzf.sypt.util.SecurityCodeUtil-2
2018-08-03 17:31:06.012[main] INFO  com.gzf.sypt.util.SecurityCodeUtil-============end=============
2018-08-03 17:31:29.376[main] INFO  com.gzf.sypt.aop.LogAspect-IP为null,id：null的用户于2018 08-03 17:31:29到2018 08-03 17:31:29,用时0毫秒,传入参数：null,响应参数：null
2018-08-03 17:31:29.500[main] INFO  com.gzf.sypt.util.SecurityCodeUtil-=======start=======
2018-08-03 17:31:29.502[main] INFO  com.gzf.sypt.util.SecurityCodeUtil-2
2018-08-03 17:31:29.503[main] INFO  com.gzf.sypt.util.SecurityCodeUtil-============end=============
2018-08-03 17:35:10.739[main] INFO  com.gzf.sypt.aop.LogAspect-IP为null,id：null的用户于2018 08-03 17:35:10到2018 08-03 17:35:10,用时0毫秒,传入参数：null,响应参数：null
2018-08-03 17:35:10.832[main] INFO  com.gzf.sypt.util.SecurityCodeUtil-=======start=======
2018-08-03 17:35:10.864[main] INFO  com.gzf.sypt.util.SecurityCodeUtil-32
2018-08-03 17:35:10.864[main] INFO  com.gzf.sypt.util.SecurityCodeUtil-============end=============
2018-08-03 17:35:12.440[main] INFO  com.gzf.sypt.aop.LogAspect-IP为null,id：null的用户于2018 08-03 17:35:10到2018 08-03 17:35:12,用时1613毫秒,传入参数：null,响应参数：{}
2018-08-03 17:35:12.588[main] INFO  com.gzf.sypt.aop.LogAspect-IP为null,id：null的用户于2018 08-03 17:35:10到2018 08-03 17:35:12,用时1761毫秒,传入参数：null,响应参数：{"result":{"status":8,"statusInfo":"验证码发送失败"}}
2018-08-03 17:35:12.589[main] INFO  com.gzf.sypt.aop.LogAspect-IP为null,id：null的用户于2018 08-03 17:35:10到2018 08-03 17:35:12,用时1762毫秒,传入参数：null,响应参数：{"result":{"status":8,"statusInfo":"验证码发送失败"}}
2018-08-03 17:36:33.032[main] INFO  com.gzf.sypt.aop.LogAspect-IP为null,id：null的用户于2018 08-03 17:36:33到2018 08-03 17:36:33,用时0毫秒,传入参数：null,响应参数：null
2018-08-03 17:36:33.227[main] INFO  com.gzf.sypt.util.SecurityCodeUtil-=======start=======
2018-08-03 17:36:33.229[main] INFO  com.gzf.sypt.util.SecurityCodeUtil-2
2018-08-03 17:36:33.229[main] INFO  com.gzf.sypt.util.SecurityCodeUtil-============end=============
2018-08-03 17:36:34.594[main] INFO  com.gzf.sypt.aop.LogAspect-IP为null,id：null的用户于2018 08-03 17:36:33到2018 08-03 17:36:34,用时1373毫秒,传入参数：null,响应参数：{}
2018-08-03 17:36:34.643[main] INFO  com.gzf.sypt.aop.LogAspect-IP为null,id：null的用户于2018 08-03 17:36:33到2018 08-03 17:36:34,用时1422毫秒,传入参数：null,响应参数：{"result":{"status":8,"statusInfo":"验证码发送失败"}}
2018-08-03 17:36:34.643[main] INFO  com.gzf.sypt.aop.LogAspect-IP为null,id：null的用户于2018 08-03 17:36:33到2018 08-03 17:36:34,用时1422毫秒,传入参数：null,响应参数：{"result":{"status":8,"statusInfo":"验证码发送失败"}}
2018-08-03 17:37:29.967[main] INFO  com.gzf.sypt.aop.LogAspect-IP为null,id：null的用户于2018 08-03 17:37:29到2018 08-03 17:37:29,用时0毫秒,传入参数：null,响应参数：null
2018-08-03 17:37:30.087[main] INFO  com.gzf.sypt.util.SecurityCodeUtil-=======start=======
2018-08-03 17:37:30.089[main] INFO  com.gzf.sypt.util.SecurityCodeUtil-2
2018-08-03 17:37:30.089[main] INFO  com.gzf.sypt.util.SecurityCodeUtil-============end=============
2018-08-03 17:38:18.111[main] INFO  com.gzf.sypt.aop.LogAspect-IP为null,id：null的用户于2018 08-03 17:37:30到2018 08-03 17:38:18,用时48027毫秒,传入参数：null,响应参数：{}
2018-08-03 17:38:18.173[main] INFO  com.gzf.sypt.aop.LogAspect-IP为null,id：null的用户于2018 08-03 17:37:30到2018 08-03 17:38:18,用时48089毫秒,传入参数：null,响应参数：{"result":{"status":8,"statusInfo":"验证码发送失败"}}
2018-08-03 17:38:18.173[main] INFO  com.gzf.sypt.aop.LogAspect-IP为null,id：null的用户于2018 08-03 17:37:30到2018 08-03 17:38:18,用时48089毫秒,传入参数：null,响应参数：{"result":{"status":8,"statusInfo":"验证码发送失败"}}
2018-08-03 17:39:39.360[main] INFO  com.gzf.sypt.aop.LogAspect-IP为null,id：null的用户于2018 08-03 17:39:39到2018 08-03 17:39:39,用时0毫秒,传入参数：null,响应参数：null
2018-08-03 17:39:39.537[main] INFO  com.gzf.sypt.util.SecurityCodeUtil-=======start=======
2018-08-03 17:39:39.550[main] INFO  com.gzf.sypt.util.SecurityCodeUtil-5
2018-08-03 17:39:39.550[main] INFO  com.gzf.sypt.util.SecurityCodeUtil-============end=============
2018-08-03 17:39:43.394[main] INFO  com.gzf.sypt.aop.LogAspect-IP为null,id：null的用户于2018 08-03 17:39:39到2018 08-03 17:39:43,用时3869毫秒,传入参数：null,响应参数：{}
2018-08-03 17:39:43.459[main] INFO  com.gzf.sypt.aop.LogAspect-IP为null,id：null的用户于2018 08-03 17:39:39到2018 08-03 17:39:43,用时3935毫秒,传入参数：null,响应参数：{"result":{"status":8,"statusInfo":"验证码发送失败"}}
2018-08-03 17:39:43.460[main] INFO  com.gzf.sypt.aop.LogAspect-IP为null,id：null的用户于2018 08-03 17:39:39到2018 08-03 17:39:43,用时3935毫秒,传入参数：null,响应参数：{"result":{"status":8,"statusInfo":"验证码发送失败"}}
2018-08-03 17:46:21.810[main] INFO  com.gzf.sypt.aop.LogAspect-IP为null,id：null的用户于2018 08-03 17:46:21到2018 08-03 17:46:21,用时0毫秒,传入参数：null,响应参数：null
2018-08-03 17:46:22.094[main] INFO  com.gzf.sypt.util.SecurityCodeUtil-=======start=======
2018-08-03 17:46:22.128[main] INFO  com.gzf.sypt.util.SecurityCodeUtil-33
2018-08-03 17:46:22.128[main] INFO  com.gzf.sypt.util.SecurityCodeUtil-============end=============
2018-08-03 17:46:23.921[main] INFO  com.gzf.sypt.aop.LogAspect-IP为null,id：null的用户于2018 08-03 17:46:22到2018 08-03 17:46:23,用时1831毫秒,传入参数：null,响应参数：{}
2018-08-03 17:46:23.980[main] INFO  com.gzf.sypt.aop.LogAspect-IP为null,id：null的用户于2018 08-03 17:46:22到2018 08-03 17:46:23,用时1891毫秒,传入参数：null,响应参数：{"result":{"status":8,"statusInfo":"验证码发送失败"}}
2018-08-03 17:46:23.981[main] INFO  com.gzf.sypt.aop.LogAspect-IP为null,id：null的用户于2018 08-03 17:46:22到2018 08-03 17:46:23,用时1891毫秒,传入参数：null,响应参数：{"result":{"status":8,"statusInfo":"验证码发送失败"}}
2018-08-03 17:47:21.347[main] INFO  com.gzf.sypt.aop.LogAspect-IP为null,id：null的用户于2018 08-03 17:47:21到2018 08-03 17:47:21,用时0毫秒,传入参数：null,响应参数：null
2018-08-03 17:47:21.498[main] INFO  com.gzf.sypt.util.SecurityCodeUtil-=======start=======
2018-08-03 17:47:21.504[main] INFO  com.gzf.sypt.util.SecurityCodeUtil-6
2018-08-03 17:47:21.504[main] INFO  com.gzf.sypt.util.SecurityCodeUtil-============end=============
2018-08-03 17:55:13.076[main] INFO  com.gzf.sypt.aop.LogAspect-IP为null,id：null的用户于2018 08-03 17:55:13到2018 08-03 17:55:13,用时0毫秒,传入参数：null,响应参数：null
2018-08-03 17:55:13.173[main] INFO  com.gzf.sypt.util.SecurityCodeUtil-=======start=======
2018-08-03 17:55:13.238[main] INFO  com.gzf.sypt.util.SecurityCodeUtil-65
2018-08-03 17:55:13.238[main] INFO  com.gzf.sypt.util.SecurityCodeUtil-============end=============
2018-08-03 17:57:31.963[main] INFO  com.gzf.sypt.aop.LogAspect-IP为null,id：null的用户于2018 08-03 17:57:31到2018 08-03 17:57:31,用时0毫秒,传入参数：null,响应参数：null
2018-08-03 17:57:32.270[main] INFO  com.gzf.sypt.util.SecurityCodeUtil-=======start=======
2018-08-03 17:57:32.273[main] INFO  com.gzf.sypt.util.SecurityCodeUtil-2
2018-08-03 17:57:32.274[main] INFO  com.gzf.sypt.util.SecurityCodeUtil-============end=============
2018-08-03 17:57:44.737[main] INFO  com.gzf.sypt.aop.LogAspect-IP为null,id：null的用户于2018 08-03 17:57:32到2018 08-03 17:57:44,用时12473毫秒,传入参数：null,响应参数：{}
2018-08-03 17:57:44.896[main] INFO  com.gzf.sypt.aop.LogAspect-IP为null,id：null的用户于2018 08-03 17:57:32到2018 08-03 17:57:44,用时12631毫秒,传入参数：null,响应参数：{"result":{"status":7,"statusInfo":"验证码已发送"}}
2018-08-03 17:57:44.896[main] INFO  com.gzf.sypt.aop.LogAspect-IP为null,id：null的用户于2018 08-03 17:57:32到2018 08-03 17:57:44,用时12632毫秒,传入参数：null,响应参数：{"result":{"status":7,"statusInfo":"验证码已发送"}}
2018-08-03 18:01:11.464[main] INFO  com.gzf.sypt.aop.LogAspect-IP为null,id：null的用户于2018 08-03 18:01:11到2018 08-03 18:01:11,用时0毫秒,传入参数：null,响应参数：null
2018-08-03 18:01:11.581[main] INFO  com.gzf.sypt.util.SecurityCodeUtil-=======start=======
2018-08-03 18:01:11.585[main] INFO  com.gzf.sypt.util.SecurityCodeUtil-4
2018-08-03 18:01:11.585[main] INFO  com.gzf.sypt.util.SecurityCodeUtil-============end=============
2018-08-03 18:01:22.545[main] INFO  com.gzf.sypt.aop.LogAspect-IP为null,id：null的用户于2018 08-03 18:01:11到2018 08-03 18:01:22,用时10973毫秒,传入参数：null,响应参数：{}
2018-08-03 18:01:22.598[main] INFO  com.gzf.sypt.aop.LogAspect-IP为null,id：null的用户于2018 08-03 18:01:11到2018 08-03 18:01:22,用时11026毫秒,传入参数：null,响应参数：{"result":{"entity":{},"status":7,"statusInfo":"验证码已发送"}}
2018-08-03 18:01:22.598[main] INFO  com.gzf.sypt.aop.LogAspect-IP为null,id：null的用户于2018 08-03 18:01:11到2018 08-03 18:01:22,用时11027毫秒,传入参数：null,响应参数：{"result":{"entity":{},"status":7,"statusInfo":"验证码已发送"}}
2018-08-03 18:01:52.126[main] INFO  com.gzf.sypt.aop.LogAspect-IP为null,id：null的用户于2018 08-03 18:01:52到2018 08-03 18:01:52,用时0毫秒,传入参数：null,响应参数：null
2018-08-03 18:01:52.226[main] INFO  com.gzf.sypt.util.SecurityCodeUtil-=======start=======
2018-08-03 18:01:52.228[main] INFO  com.gzf.sypt.util.SecurityCodeUtil-1
2018-08-03 18:01:52.228[main] INFO  com.gzf.sypt.util.SecurityCodeUtil-============end=============
2018-08-03 18:02:03.467[main] INFO  com.gzf.sypt.aop.LogAspect-IP为null,id：null的用户于2018 08-03 18:01:52到2018 08-03 18:02:03,用时11244毫秒,传入参数：null,响应参数：{}
2018-08-03 18:02:03.710[main] INFO  com.gzf.sypt.aop.LogAspect-IP为null,id：null的用户于2018 08-03 18:01:52到2018 08-03 18:02:03,用时11487毫秒,传入参数：null,响应参数：{"result":{"entity":{},"status":7,"statusInfo":"验证码已发送"}}
2018-08-03 18:02:03.711[main] INFO  com.gzf.sypt.aop.LogAspect-IP为null,id：null的用户于2018 08-03 18:01:52到2018 08-03 18:02:03,用时11488毫秒,传入参数：null,响应参数：{"result":{"entity":{},"status":7,"statusInfo":"验证码已发送"}}
2018-08-03 18:02:03.712[main] INFO  com.gzf.sypt.aop.LogAspect-IP为null,id：null的用户于2018 08-03 18:02:03到2018 08-03 18:02:03,用时0毫秒,传入参数：null,响应参数：{"result":{"entity":{},"status":7,"statusInfo":"验证码已发送"}}
2018-08-03 18:04:28.687[main] INFO  com.gzf.sypt.aop.LogAspect-IP为null,id：null的用户于2018 08-03 18:04:28到2018 08-03 18:04:28,用时0毫秒,传入参数：null,响应参数：null
2018-08-03 18:04:28.806[main] INFO  com.gzf.sypt.util.SecurityCodeUtil-=======start=======
2018-08-03 18:04:28.809[main] INFO  com.gzf.sypt.util.SecurityCodeUtil-2
2018-08-03 18:04:28.809[main] INFO  com.gzf.sypt.util.SecurityCodeUtil-============end=============
2018-08-03 18:04:39.511[main] INFO  com.gzf.sypt.aop.LogAspect-IP为null,id：null的用户于2018 08-03 18:04:28到2018 08-03 18:04:39,用时10708毫秒,传入参数：null,响应参数：{}
2018-08-03 18:04:39.576[main] INFO  com.gzf.sypt.aop.LogAspect-IP为null,id：null的用户于2018 08-03 18:04:28到2018 08-03 18:04:39,用时10773毫秒,传入参数：null,响应参数：{"result":{"entity":{},"status":7,"statusInfo":"验证码已发送"}}
2018-08-03 18:04:39.576[main] INFO  com.gzf.sypt.aop.LogAspect-IP为null,id：null的用户于2018 08-03 18:04:28到2018 08-03 18:04:39,用时10774毫秒,传入参数：null,响应参数：{"result":{"entity":{},"status":7,"statusInfo":"验证码已发送"}}
2018-08-03 18:04:39.577[main] INFO  com.gzf.sypt.aop.LogAspect-IP为null,id：null的用户于2018 08-03 18:04:39到2018 08-03 18:04:39,用时0毫秒,传入参数：null,响应参数：{"result":{"entity":{},"status":7,"statusInfo":"验证码已发送"}}
2018-08-03 18:07:19.645[main] INFO  com.gzf.sypt.aop.LogAspect-IP为null,id：null的用户于2018 08-03 18:07:19到2018 08-03 18:07:19,用时0毫秒,传入参数：null,响应参数：null
2018-08-03 18:07:19.745[main] INFO  com.gzf.sypt.util.SecurityCodeUtil-=======start=======
2018-08-03 18:07:19.746[main] INFO  com.gzf.sypt.util.SecurityCodeUtil-1
2018-08-03 18:07:19.746[main] INFO  com.gzf.sypt.util.SecurityCodeUtil-============end=============
2018-08-03 18:07:30.872[main] INFO  com.gzf.sypt.aop.LogAspect-IP为null,id：null的用户于2018 08-03 18:07:19到2018 08-03 18:07:30,用时11131毫秒,传入参数：null,响应参数：{}
2018-08-03 18:07:30.925[main] INFO  com.gzf.sypt.aop.LogAspect-IP为null,id：null的用户于2018 08-03 18:07:19到2018 08-03 18:07:30,用时11184毫秒,传入参数：null,响应参数：{"result":{"entity":{},"status":7,"statusInfo":"验证码已发送"}}
2018-08-03 18:07:30.926[main] INFO  com.gzf.sypt.aop.LogAspect-IP为null,id：null的用户于2018 08-03 18:07:19到2018 08-03 18:07:30,用时11185毫秒,传入参数：null,响应参数：{"result":{"entity":{},"status":7,"statusInfo":"验证码已发送"}}
2018-08-03 18:07:30.926[main] INFO  com.gzf.sypt.aop.LogAspect-IP为null,id：null的用户于2018 08-03 18:07:30到2018 08-03 18:07:30,用时0毫秒,传入参数：null,响应参数：{"result":{"entity":{},"status":7,"statusInfo":"验证码已发送"}}
2018-08-03 18:07:30.974[main] INFO  com.gzf.sypt.aop.LogAspect-IP为null,id：null的用户于2018 08-03 18:07:30到2018 08-03 18:07:30,用时46毫秒,传入参数：null,响应参数：{}
2018-08-03 18:07:30.975[main] INFO  com.gzf.sypt.aop.LogAspect-IP为null,id：null的用户于2018 08-03 18:07:30到2018 08-03 18:07:30,用时46毫秒,传入参数：null,响应参数：{"result":{"status":2,"statusInfo":"验证码错误"}}
2018-08-03 18:07:30.975[main] INFO  com.gzf.sypt.aop.LogAspect-IP为null,id：null的用户于2018 08-03 18:07:30到2018 08-03 18:07:30,用时47毫秒,传入参数：null,响应参数：{"result":{"status":2,"statusInfo":"验证码错误"}}
2018-08-03 18:09:32.984[main] INFO  com.gzf.sypt.aop.LogAspect-IP为null,id：null的用户于2018 08-03 18:09:32到2018 08-03 18:09:32,用时0毫秒,传入参数：null,响应参数：null
2018-08-03 18:09:33.090[main] INFO  com.gzf.sypt.util.SecurityCodeUtil-=======start=======
2018-08-03 18:09:33.092[main] INFO  com.gzf.sypt.util.SecurityCodeUtil-1
2018-08-03 18:09:33.092[main] INFO  com.gzf.sypt.util.SecurityCodeUtil-============end=============
2018-08-03 18:09:44.245[main] INFO  com.gzf.sypt.aop.LogAspect-IP为null,id：null的用户于2018 08-03 18:09:33到2018 08-03 18:09:44,用时11157毫秒,传入参数：null,响应参数：{}
2018-08-03 18:09:44.304[main] INFO  com.gzf.sypt.aop.LogAspect-IP为null,id：null的用户于2018 08-03 18:09:33到2018 08-03 18:09:44,用时11216毫秒,传入参数：null,响应参数：{"result":{"entity":{},"status":7,"statusInfo":"验证码已发送"}}
2018-08-03 18:09:44.304[main] INFO  com.gzf.sypt.aop.LogAspect-IP为null,id：null的用户于2018 08-03 18:09:33到2018 08-03 18:09:44,用时11217毫秒,传入参数：null,响应参数：{"result":{"entity":{},"status":7,"statusInfo":"验证码已发送"}}
2018-08-03 18:09:44.305[main] INFO  com.gzf.sypt.aop.LogAspect-IP为null,id：null的用户于2018 08-03 18:09:44到2018 08-03 18:09:44,用时0毫秒,传入参数：null,响应参数：{"result":{"entity":{},"status":7,"statusInfo":"验证码已发送"}}
2018-08-03 18:09:44.340[main] INFO  com.gzf.sypt.aop.LogAspect-IP为null,id：null的用户于2018 08-03 18:09:44到2018 08-03 18:09:44,用时35毫秒,传入参数：null,响应参数：{}
2018-08-03 18:09:44.341[main] INFO  com.gzf.sypt.aop.LogAspect-IP为null,id：null的用户于2018 08-03 18:09:44到2018 08-03 18:09:44,用时36毫秒,传入参数：null,响应参数：{"result":{"status":2,"statusInfo":"验证码错误"}}
2018-08-03 18:09:44.342[main] INFO  com.gzf.sypt.aop.LogAspect-IP为null,id：null的用户于2018 08-03 18:09:44到2018 08-03 18:09:44,用时36毫秒,传入参数：null,响应参数：{"result":{"status":2,"statusInfo":"验证码错误"}}
2018-08-03 18:11:29.445[main] INFO  com.gzf.sypt.aop.LogAspect-IP为null,id：null的用户于2018 08-03 18:11:29到2018 08-03 18:11:29,用时0毫秒,传入参数：null,响应参数：null
2018-08-03 18:11:29.562[main] INFO  com.gzf.sypt.util.SecurityCodeUtil-=======start=======
2018-08-03 18:11:29.565[main] INFO  com.gzf.sypt.util.SecurityCodeUtil-2
2018-08-03 18:11:29.565[main] INFO  com.gzf.sypt.util.SecurityCodeUtil-============end=============
2018-08-03 18:15:17.430[main] INFO  com.gzf.sypt.aop.LogAspect-IP为null,id：null的用户于2018 08-03 18:11:29到2018 08-03 18:15:17,用时227872毫秒,传入参数：null,响应参数：{}
2018-08-03 18:15:28.561[main] INFO  com.gzf.sypt.aop.LogAspect-IP为null,id：null的用户于2018 08-03 18:15:28到2018 08-03 18:15:28,用时0毫秒,传入参数：null,响应参数：null
2018-08-03 18:15:28.689[main] INFO  com.gzf.sypt.util.SecurityCodeUtil-=======start=======
2018-08-03 18:15:28.692[main] INFO  com.gzf.sypt.util.SecurityCodeUtil-2
2018-08-03 18:15:28.692[main] INFO  com.gzf.sypt.util.SecurityCodeUtil-============end=============
2018-08-03 18:15:29.159[main] INFO  com.gzf.sypt.aop.LogAspect-IP为null,id：null的用户于2018 08-03 18:15:28到2018 08-03 18:15:29,用时474毫秒,传入参数：null,响应参数：{}
2018-08-03 18:15:29.236[main] INFO  com.gzf.sypt.aop.LogAspect-IP为null,id：null的用户于2018 08-03 18:15:28到2018 08-03 18:15:29,用时551毫秒,传入参数：null,响应参数：{"result":{"status":8,"statusInfo":"验证码发送失败"}}
2018-08-03 18:15:29.236[main] INFO  com.gzf.sypt.aop.LogAspect-IP为null,id：null的用户于2018 08-03 18:15:28到2018 08-03 18:15:29,用时552毫秒,传入参数：null,响应参数：{"result":{"status":8,"statusInfo":"验证码发送失败"}}
2018-08-03 18:16:19.676[main] INFO  com.gzf.sypt.aop.LogAspect-IP为null,id：null的用户于2018 08-03 18:16:19到2018 08-03 18:16:19,用时0毫秒,传入参数：null,响应参数：null
2018-08-03 18:16:19.785[main] INFO  com.gzf.sypt.util.SecurityCodeUtil-=======start=======
2018-08-03 18:16:19.787[main] INFO  com.gzf.sypt.util.SecurityCodeUtil-2
2018-08-03 18:16:19.787[main] INFO  com.gzf.sypt.util.SecurityCodeUtil-============end=============
2018-08-03 18:16:39.871[main] INFO  com.gzf.sypt.aop.LogAspect-IP为null,id：null的用户于2018 08-03 18:16:19到2018 08-03 18:16:39,用时20091毫秒,传入参数：null,响应参数：{}
2018-08-03 18:16:39.939[main] INFO  com.gzf.sypt.aop.LogAspect-IP为null,id：null的用户于2018 08-03 18:16:19到2018 08-03 18:16:39,用时20158毫秒,传入参数：null,响应参数：{"result":{"entity":{"mailBox":"283956614@qq.com","verific":"869147"},"status":7,"statusInfo":"验证码已发送"}}
2018-08-03 18:16:39.940[main] INFO  com.gzf.sypt.aop.LogAspect-IP为null,id：null的用户于2018 08-03 18:16:19到2018 08-03 18:16:39,用时20159毫秒,传入参数：null,响应参数：{"result":{"entity":{"mailBox":"283956614@qq.com","verific":"869147"},"status":7,"statusInfo":"验证码已发送"}}
2018-08-03 18:16:39.941[main] INFO  com.gzf.sypt.aop.LogAspect-IP为null,id：null的用户于2018 08-03 18:16:39到2018 08-03 18:16:39,用时0毫秒,传入参数：null,响应参数：{"result":{"entity":{"mailBox":"283956614@qq.com","verific":"869147"},"status":7,"statusInfo":"验证码已发送"}}
2018-08-03 18:16:39.990[main] INFO  com.gzf.sypt.aop.LogAspect-IP为null,id：null的用户于2018 08-03 18:16:39到2018 08-03 18:16:39,用时39毫秒,传入参数：null,响应参数：{}
2018-08-03 18:16:39.991[main] INFO  com.gzf.sypt.aop.LogAspect-IP为null,id：null的用户于2018 08-03 18:16:39到2018 08-03 18:16:39,用时39毫秒,传入参数：null,响应参数：{"result":{"status":2,"statusInfo":"验证码错误"}}
2018-08-03 18:16:39.998[main] INFO  com.gzf.sypt.aop.LogAspect-IP为null,id：null的用户于2018 08-03 18:16:39到2018 08-03 18:16:39,用时46毫秒,传入参数：null,响应参数：{"result":{"status":2,"statusInfo":"验证码错误"}}
2018-08-03 18:16:58.752[main] INFO  com.gzf.sypt.aop.LogAspect-IP为null,id：null的用户于2018 08-03 18:16:58到2018 08-03 18:16:58,用时0毫秒,传入参数：null,响应参数：null
2018-08-03 18:16:59.020[main] INFO  com.gzf.sypt.util.SecurityCodeUtil-=======start=======
2018-08-03 18:16:59.024[main] INFO  com.gzf.sypt.util.SecurityCodeUtil-3
2018-08-03 18:16:59.026[main] INFO  com.gzf.sypt.util.SecurityCodeUtil-============end=============
2018-08-03 18:17:09.816[main] INFO  com.gzf.sypt.aop.LogAspect-IP为null,id：null的用户于2018 08-03 18:16:59到2018 08-03 18:17:09,用时10802毫秒,传入参数：null,响应参数：{}
2018-08-03 18:17:09.862[main] INFO  com.gzf.sypt.aop.LogAspect-IP为null,id：null的用户于2018 08-03 18:16:59到2018 08-03 18:17:09,用时10847毫秒,传入参数：null,响应参数：{"result":{"entity":{"mailBox":"283956614@qq.com","verific":"523176"},"status":7,"statusInfo":"验证码已发送"}}
2018-08-03 18:17:09.862[main] INFO  com.gzf.sypt.aop.LogAspect-IP为null,id：null的用户于2018 08-03 18:16:59到2018 08-03 18:17:09,用时10848毫秒,传入参数：null,响应参数：{"result":{"entity":{"mailBox":"283956614@qq.com","verific":"523176"},"status":7,"statusInfo":"验证码已发送"}}
2018-08-03 18:17:09.863[main] INFO  com.gzf.sypt.aop.LogAspect-IP为null,id：null的用户于2018 08-03 18:17:09到2018 08-03 18:17:09,用时1毫秒,传入参数：null,响应参数：{"result":{"entity":{"mailBox":"283956614@qq.com","verific":"523176"},"status":7,"statusInfo":"验证码已发送"}}
2018-08-03 18:17:09.894[main] INFO  com.gzf.sypt.aop.LogAspect-IP为null,id：null的用户于2018 08-03 18:17:09到2018 08-03 18:17:09,用时30毫秒,传入参数：null,响应参数：{}
2018-08-03 18:17:09.894[main] INFO  com.gzf.sypt.aop.LogAspect-IP为null,id：null的用户于2018 08-03 18:17:09到2018 08-03 18:17:09,用时31毫秒,传入参数：null,响应参数：{"result":{"status":2,"statusInfo":"验证码错误"}}
2018-08-03 18:17:09.894[main] INFO  com.gzf.sypt.aop.LogAspect-IP为null,id：null的用户于2018 08-03 18:17:09到2018 08-03 18:17:09,用时31毫秒,传入参数：null,响应参数：{"result":{"status":2,"statusInfo":"验证码错误"}}
2018-08-03 18:22:12.609[main] INFO  com.gzf.sypt.aop.LogAspect-IP为null,id：null的用户于2018 08-03 18:22:12到2018 08-03 18:22:12,用时0毫秒,传入参数：null,响应参数：null
2018-08-03 18:22:12.847[main] INFO  com.gzf.sypt.util.SecurityCodeUtil-=======start=======
2018-08-03 18:22:12.849[main] INFO  com.gzf.sypt.util.SecurityCodeUtil-1
2018-08-03 18:22:12.849[main] INFO  com.gzf.sypt.util.SecurityCodeUtil-============end=============
2018-08-03 18:24:16.565[main] INFO  com.gzf.sypt.aop.LogAspect-IP为null,id：null的用户于2018 08-03 18:22:12到2018 08-03 18:24:16,用时123728毫秒,传入参数：null,响应参数：{}
2018-08-03 18:24:16.637[main] INFO  com.gzf.sypt.aop.LogAspect-IP为null,id：null的用户于2018 08-03 18:22:12到2018 08-03 18:24:16,用时123800毫秒,传入参数：null,响应参数：{"result":{"entity":{"mailBox":"283956614@qq.com","verific":"384595"},"status":7,"statusInfo":"验证码已发送"}}
2018-08-03 18:24:16.638[main] INFO  com.gzf.sypt.aop.LogAspect-IP为null,id：null的用户于2018 08-03 18:22:12到2018 08-03 18:24:16,用时123801毫秒,传入参数：null,响应参数：{"result":{"entity":{"mailBox":"283956614@qq.com","verific":"384595"},"status":7,"statusInfo":"验证码已发送"}}
2018-08-03 18:24:16.639[main] INFO  com.gzf.sypt.aop.LogAspect-IP为null,id：null的用户于2018 08-03 18:24:16到2018 08-03 18:24:16,用时0毫秒,传入参数：null,响应参数：{"result":{"entity":{"mailBox":"283956614@qq.com","verific":"384595"},"status":7,"statusInfo":"验证码已发送"}}
2018-08-03 18:25:50.977[main] INFO  com.gzf.sypt.aop.LogAspect-IP为null,id：null的用户于2018 08-03 18:25:50到2018 08-03 18:25:50,用时0毫秒,传入参数：null,响应参数：null
2018-08-03 18:25:51.101[main] INFO  com.gzf.sypt.util.SecurityCodeUtil-=======start=======
2018-08-03 18:25:51.104[main] INFO  com.gzf.sypt.util.SecurityCodeUtil-3
2018-08-03 18:25:51.105[main] INFO  com.gzf.sypt.util.SecurityCodeUtil-============end=============
2018-08-03 18:26:03.310[main] INFO  com.gzf.sypt.aop.LogAspect-IP为null,id：null的用户于2018 08-03 18:25:51到2018 08-03 18:26:03,用时12219毫秒,传入参数：null,响应参数：{}
2018-08-03 18:26:03.367[main] INFO  com.gzf.sypt.aop.LogAspect-IP为null,id：null的用户于2018 08-03 18:25:51到2018 08-03 18:26:03,用时12276毫秒,传入参数：null,响应参数：{"result":{"entity":{"mailBox":"283956614@qq.com","verific":"535119"},"status":7,"statusInfo":"验证码已发送"}}
2018-08-03 18:26:03.368[main] INFO  com.gzf.sypt.aop.LogAspect-IP为null,id：null的用户于2018 08-03 18:25:51到2018 08-03 18:26:03,用时12277毫秒,传入参数：null,响应参数：{"result":{"entity":{"mailBox":"283956614@qq.com","verific":"535119"},"status":7,"statusInfo":"验证码已发送"}}
2018-08-03 18:26:03.368[main] INFO  com.gzf.sypt.aop.LogAspect-IP为null,id：null的用户于2018 08-03 18:26:03到2018 08-03 18:26:03,用时0毫秒,传入参数：null,响应参数：{"result":{"entity":{"mailBox":"283956614@qq.com","verific":"535119"},"status":7,"statusInfo":"验证码已发送"}}
2018-08-03 18:27:39.807[main] INFO  com.gzf.sypt.aop.LogAspect-IP为null,id：null的用户于2018 08-03 18:27:39到2018 08-03 18:27:39,用时0毫秒,传入参数：null,响应参数：null
2018-08-03 18:27:39.938[main] INFO  com.gzf.sypt.util.SecurityCodeUtil-=======start=======
2018-08-03 18:27:39.941[main] INFO  com.gzf.sypt.util.SecurityCodeUtil-2
2018-08-03 18:27:39.941[main] INFO  com.gzf.sypt.util.SecurityCodeUtil-============end=============
2018-08-03 18:28:09.341[main] INFO  com.gzf.sypt.aop.LogAspect-IP为null,id：null的用户于2018 08-03 18:27:39到2018 08-03 18:28:09,用时29408毫秒,传入参数：null,响应参数：{}
2018-08-03 18:28:09.398[main] INFO  com.gzf.sypt.aop.LogAspect-IP为null,id：null的用户于2018 08-03 18:27:39到2018 08-03 18:28:09,用时29464毫秒,传入参数：null,响应参数：{"result":{"entity":{"mailBox":"283956614@qq.com","verific":"904930"},"status":7,"statusInfo":"验证码已发送"}}
2018-08-03 18:28:09.398[main] INFO  com.gzf.sypt.aop.LogAspect-IP为null,id：null的用户于2018 08-03 18:27:39到2018 08-03 18:28:09,用时29465毫秒,传入参数：null,响应参数：{"result":{"entity":{"mailBox":"283956614@qq.com","verific":"904930"},"status":7,"statusInfo":"验证码已发送"}}
2018-08-03 18:28:09.399[main] INFO  com.gzf.sypt.aop.LogAspect-IP为null,id：null的用户于2018 08-03 18:28:09到2018 08-03 18:28:09,用时0毫秒,传入参数：null,响应参数：{"result":{"entity":{"mailBox":"283956614@qq.com","verific":"904930"},"status":7,"statusInfo":"验证码已发送"}}
2018-08-03 18:29:45.377[main] INFO  com.gzf.sypt.aop.LogAspect-IP为null,id：null的用户于2018 08-03 18:29:45到2018 08-03 18:29:45,用时0毫秒,传入参数：null,响应参数：null
2018-08-03 18:29:45.490[main] INFO  com.gzf.sypt.util.SecurityCodeUtil-=======start=======
2018-08-03 18:29:45.493[main] INFO  com.gzf.sypt.util.SecurityCodeUtil-2
2018-08-03 18:29:45.493[main] INFO  com.gzf.sypt.util.SecurityCodeUtil-============end=============
2018-08-03 18:29:57.409[main] INFO  com.gzf.sypt.aop.LogAspect-IP为null,id：null的用户于2018 08-03 18:29:45到2018 08-03 18:29:57,用时11924毫秒,传入参数：null,响应参数：{}
2018-08-03 18:29:57.467[main] INFO  com.gzf.sypt.aop.LogAspect-IP为null,id：null的用户于2018 08-03 18:29:45到2018 08-03 18:29:57,用时11982毫秒,传入参数：null,响应参数：{"result":{"entity":{"mailBox":"283956614@qq.com","verific":"842083"},"status":7,"statusInfo":"验证码已发送"}}
2018-08-03 18:29:57.468[main] INFO  com.gzf.sypt.aop.LogAspect-IP为null,id：null的用户于2018 08-03 18:29:45到2018 08-03 18:29:57,用时11982毫秒,传入参数：null,响应参数：{"result":{"entity":{"mailBox":"283956614@qq.com","verific":"842083"},"status":7,"statusInfo":"验证码已发送"}}
2018-08-03 18:29:57.468[main] INFO  com.gzf.sypt.aop.LogAspect-IP为null,id：null的用户于2018 08-03 18:29:57到2018 08-03 18:29:57,用时0毫秒,传入参数：null,响应参数：{"result":{"entity":{"mailBox":"283956614@qq.com","verific":"842083"},"status":7,"statusInfo":"验证码已发送"}}
2018-08-03 18:29:59.677[main] INFO  com.gzf.sypt.aop.LogAspect-IP为null,id：null的用户于2018 08-03 18:29:57到2018 08-03 18:29:59,用时2207毫秒,传入参数：null,响应参数：{}
2018-08-03 18:29:59.679[main] INFO  com.gzf.sypt.aop.LogAspect-IP为null,id：null的用户于2018 08-03 18:29:57到2018 08-03 18:29:59,用时2209毫秒,传入参数：null,响应参数：{"result":{"status":3,"statusInfo":"验证码正确"}}
2018-08-03 18:29:59.679[main] INFO  com.gzf.sypt.aop.LogAspect-IP为null,id：null的用户于2018 08-03 18:29:57到2018 08-03 18:29:59,用时2209毫秒,传入参数：null,响应参数：{"result":{"status":3,"statusInfo":"验证码正确"}}
